# JRE version: OpenJDK Runtime Environment (8.0_212-b04) (build 1.8.0_212-release-1586-b04)
# Java VM: OpenJDK 64-Bit Server VM (25.212-b04 mixed mode windows-amd64 compressed oops)
Heap:
 PSYoungGen      total 470016K, used 246387K [0x00000000e0000000, 0x0000000100000000, 0x0000000100000000)
  eden space 421376K, 53% used [0x00000000e0000000,0x00000000edda70e8,0x00000000f9b80000)
  from space 48640K, 39% used [0x00000000fc800000,0x00000000fdaf5be0,0x00000000ff780000)
  to   space 45568K, 0% used [0x00000000f9b80000,0x00000000f9b80000,0x00000000fc800000)
 ParOldGen       total 210432K, used 132371K [0x00000000a0000000, 0x00000000acd80000, 0x00000000e0000000)
  object space 210432K, 62% used [0x00000000a0000000,0x00000000a8144eb0,0x00000000acd80000)
 Metaspace       used 110451K, capacity 116122K, committed 116224K, reserved 1150976K
  class space    used 14077K, capacity 15265K, committed 15360K, reserved 1048576K
GC Heap History (10 events):
Event: 274.388 GC heap before
{Heap before GC invocations=28 (full 4):
 PSYoungGen      total 417280K, used 404992K [0x00000000e0000000, 0x00000000fe000000, 0x0000000100000000)
  eden space 404992K, 100% used [0x00000000e0000000,0x00000000f8b80000,0x00000000f8b80000)
  from space 12288K, 0% used [0x00000000fb280000,0x00000000fb280000,0x00000000fbe80000)
  to   space 33792K, 0% used [0x00000000fbf00000,0x00000000fbf00000,0x00000000fe000000)
 ParOldGen       total 210432K, used 67938K [0x00000000a0000000, 0x00000000acd80000, 0x00000000e0000000)
  object space 210432K, 32% used [0x00000000a0000000,0x00000000a4258ab8,0x00000000acd80000)
 Metaspace       used 98735K, capacity 102348K, committed 103296K, reserved 1138688K
  class space    used 12407K, capacity 13236K, committed 13440K, reserved 1048576K
Event: 274.449 GC heap after
Heap after GC invocations=28 (full 4):
 PSYoungGen      total 438784K, used 33788K [0x00000000e0000000, 0x00000000fe000000, 0x0000000100000000)
  eden space 404992K, 0% used [0x00000000e0000000,0x00000000e0000000,0x00000000f8b80000)
  from space 33792K, 99% used [0x00000000fbf00000,0x00000000fdfff208,0x00000000fe000000)
  to   space 12288K, 0% used [0x00000000fb280000,0x00000000fb280000,0x00000000fbe80000)
 ParOldGen       total 210432K, used 81101K [0x00000000a0000000, 0x00000000acd80000, 0x00000000e0000000)
  object space 210432K, 38% used [0x00000000a0000000,0x00000000a4f33588,0x00000000acd80000)
 Metaspace       used 98735K, capacity 102348K, committed 103296K, reserved 1138688K
  class space    used 12407K, capacity 13236K, committed 13440K, reserved 1048576K
}
Event: 283.397 GC heap before
{Heap before GC invocations=29 (full 4):
 PSYoungGen      total 438784K, used 438780K [0x00000000e0000000, 0x00000000fe000000, 0x0000000100000000)
  eden space 404992K, 100% used [0x00000000e0000000,0x00000000f8b80000,0x00000000f8b80000)
  from space 33792K, 99% used [0x00000000fbf00000,0x00000000fdfff208,0x00000000fe000000)
  to   space 12288K, 0% used [0x00000000fb280000,0x00000000fb280000,0x00000000fbe80000)
 ParOldGen       total 210432K, used 81103K [0x00000000a0000000, 0x00000000acd80000, 0x00000000e0000000)
  object space 210432K, 38% used [0x00000000a0000000,0x00000000a4f33ef0,0x00000000acd80000)
 Metaspace       used 108700K, capacity 114178K, committed 114304K, reserved 1148928K
  class space    used 13996K, capacity 15187K, committed 15232K, reserved 1048576K
Event: 283.452 GC heap after
Heap after GC invocations=29 (full 4):
 PSYoungGen      total 455680K, used 12265K [0x00000000e0000000, 0x0000000100000000, 0x0000000100000000)
  eden space 443392K, 0% used [0x00000000e0000000,0x00000000e0000000,0x00000000fb100000)
  from space 12288K, 99% used [0x00000000fb280000,0x00000000fbe7a6b8,0x00000000fbe80000)
  to   space 54272K, 0% used [0x00000000fcb00000,0x00000000fcb00000,0x0000000100000000)
 ParOldGen       total 210432K, used 120018K [0x00000000a0000000, 0x00000000acd80000, 0x00000000e0000000)
  object space 210432K, 57% used [0x00000000a0000000,0x00000000a7534818,0x00000000acd80000)
 Metaspace       used 108700K, capacity 114178K, committed 114304K, reserved 1148928K
  class space    used 13996K, capacity 15187K, committed 15232K, reserved 1048576K
}
Event: 285.578 GC heap before
{Heap before GC invocations=30 (full 4):
 PSYoungGen      total 455680K, used 455657K [0x00000000e0000000, 0x0000000100000000, 0x0000000100000000)
  eden space 443392K, 100% used [0x00000000e0000000,0x00000000fb100000,0x00000000fb100000)
  from space 12288K, 99% used [0x00000000fb280000,0x00000000fbe7a6b8,0x00000000fbe80000)
  to   space 54272K, 0% used [0x00000000fcb00000,0x00000000fcb00000,0x0000000100000000)
 ParOldGen       total 210432K, used 120018K [0x00000000a0000000, 0x00000000acd80000, 0x00000000e0000000)
  object space 210432K, 57% used [0x00000000a0000000,0x00000000a7534818,0x00000000acd80000)
 Metaspace       used 109463K, capacity 115004K, committed 115072K, reserved 1148928K
  class space    used 14017K, capacity 15200K, committed 15232K, reserved 1048576K
Event: 285.621 GC heap after
Heap after GC invocations=30 (full 4):
 PSYoungGen      total 472576K, used 16579K [0x00000000e0000000, 0x0000000100000000, 0x0000000100000000)
  eden space 418304K, 0% used [0x00000000e0000000,0x00000000e0000000,0x00000000f9880000)
  from space 54272K, 30% used [0x00000000fcb00000,0x00000000fdb30db0,0x0000000100000000)
  to   space 51712K, 0% used [0x00000000f9880000,0x00000000f9880000,0x00000000fcb00000)
 ParOldGen       total 210432K, used 129582K [0x00000000a0000000, 0x00000000acd80000, 0x00000000e0000000)
  object space 210432K, 61% used [0x00000000a0000000,0x00000000a7e8b948,0x00000000acd80000)
 Metaspace       used 109463K, capacity 115004K, committed 115072K, reserved 1148928K
  class space    used 14017K, capacity 15200K, committed 15232K, reserved 1048576K
}
Event: 286.733 GC heap before
{Heap before GC invocations=31 (full 4):
 PSYoungGen      total 472576K, used 434883K [0x00000000e0000000, 0x0000000100000000, 0x0000000100000000)
  eden space 418304K, 100% used [0x00000000e0000000,0x00000000f9880000,0x00000000f9880000)
  from space 54272K, 30% used [0x00000000fcb00000,0x00000000fdb30db0,0x0000000100000000)
  to   space 51712K, 0% used [0x00000000f9880000,0x00000000f9880000,0x00000000fcb00000)
 ParOldGen       total 210432K, used 129582K [0x00000000a0000000, 0x00000000acd80000, 0x00000000e0000000)
  object space 210432K, 61% used [0x00000000a0000000,0x00000000a7e8b948,0x00000000acd80000)
 Metaspace       used 109965K, capacity 115556K, committed 115712K, reserved 1148928K
  class space    used 14031K, capacity 15234K, committed 15360K, reserved 1048576K
Event: 286.759 GC heap after
Heap after GC invocations=31 (full 4):
 PSYoungGen      total 438272K, used 19817K [0x00000000e0000000, 0x00000000ff780000, 0x0000000100000000)
  eden space 418304K, 0% used [0x00000000e0000000,0x00000000e0000000,0x00000000f9880000)
  from space 19968K, 99% used [0x00000000f9880000,0x00000000fabda740,0x00000000fac00000)
  to   space 48640K, 0% used [0x00000000fc800000,0x00000000fc800000,0x00000000ff780000)
 ParOldGen       total 210432K, used 129582K [0x00000000a0000000, 0x00000000acd80000, 0x00000000e0000000)
  object space 210432K, 61% used [0x00000000a0000000,0x00000000a7e8b948,0x00000000acd80000)
 Metaspace       used 109965K, capacity 115556K, committed 115712K, reserved 1148928K
  class space    used 14031K, capacity 15234K, committed 15360K, reserved 1048576K
}
Event: 288.048 GC heap before
{Heap before GC invocations=32 (full 4):
 PSYoungGen      total 438272K, used 438121K [0x00000000e0000000, 0x00000000ff780000, 0x0000000100000000)
  eden space 418304K, 100% used [0x00000000e0000000,0x00000000f9880000,0x00000000f9880000)
  from space 19968K, 99% used [0x00000000f9880000,0x00000000fabda740,0x00000000fac00000)
  to   space 48640K, 0% used [0x00000000fc800000,0x00000000fc800000,0x00000000ff780000)
 ParOldGen       total 210432K, used 129644K [0x00000000a0000000, 0x00000000acd80000, 0x00000000e0000000)
  object space 210432K, 61% used [0x00000000a0000000,0x00000000a7e9b060,0x00000000acd80000)
 Metaspace       used 110392K, capacity 116044K, committed 116224K, reserved 1150976K
  class space    used 14077K, capacity 15264K, committed 15360K, reserved 1048576K
Event: 288.078 GC heap after
Heap after GC invocations=32 (full 4):
 PSYoungGen      total 470016K, used 19414K [0x00000000e0000000, 0x0000000100000000, 0x0000000100000000)
  eden space 421376K, 0% used [0x00000000e0000000,0x00000000e0000000,0x00000000f9b80000)
  from space 48640K, 39% used [0x00000000fc800000,0x00000000fdaf5be0,0x00000000ff780000)
  to   space 45568K, 0% used [0x00000000f9b80000,0x00000000f9b80000,0x00000000fc800000)
 ParOldGen       total 210432K, used 132371K [0x00000000a0000000, 0x00000000acd80000, 0x00000000e0000000)
  object space 210432K, 62% used [0x00000000a0000000,0x00000000a8144eb0,0x00000000acd80000)
 Metaspace       used 110392K, capacity 116044K, committed 116224K, reserved 1150976K
  class space    used 14077K, capacity 15264K, committed 15360K, reserved 1048576K
}

