# JRE version: OpenJDK Runtime Environment (8.0_202-b03) (build 1.8.0_202-release-1483-b03)
# Java VM: OpenJDK 64-Bit Server VM (25.202-b03 mixed mode windows-amd64 compressed oops)
Heap:
 PSYoungGen      total 349184K, used 82473K [0x00000000e0000000, 0x00000000f6380000, 0x0000000100000000)
  eden space 334336K, 24% used [0x00000000e0000000,0x00000000e508a4b8,0x00000000f4680000)
  from space 14848K, 0% used [0x00000000f4680000,0x00000000f4680000,0x00000000f5500000)
  to   space 8192K, 0% used [0x00000000f5b80000,0x00000000f5b80000,0x00000000f6380000)
 ParOldGen       total 60416K, used 39258K [0x00000000a0000000, 0x00000000a3b00000, 0x00000000e0000000)
  object space 60416K, 64% used [0x00000000a0000000,0x00000000a2656b68,0x00000000a3b00000)
 Metaspace       used 62693K, capacity 64832K, committed 65152K, reserved 1105920K
  class space    used 8307K, capacity 8769K, committed 8832K, reserved 1048576K
GC Heap History (10 events):
Event: 34.221 GC heap before
{Heap before GC invocations=16 (full 2):
 PSYoungGen      total 168960K, used 168950K [0x00000000e0000000, 0x00000000f0300000, 0x0000000100000000)
  eden space 156672K, 100% used [0x00000000e0000000,0x00000000e9900000,0x00000000e9900000)
  from space 12288K, 99% used [0x00000000e9900000,0x00000000ea4fdb08,0x00000000ea500000)
  to   space 14336K, 0% used [0x00000000ef500000,0x00000000ef500000,0x00000000f0300000)
 ParOldGen       total 60416K, used 16952K [0x00000000a0000000, 0x00000000a3b00000, 0x00000000e0000000)
  object space 60416K, 28% used [0x00000000a0000000,0x00000000a108e090,0x00000000a3b00000)
 Metaspace       used 45490K, capacity 46694K, committed 46848K, reserved 1089536K
  class space    used 5843K, capacity 6118K, committed 6144K, reserved 1048576K
Event: 34.233 GC heap after
Heap after GC invocations=16 (full 2):
 PSYoungGen      total 245760K, used 1490K [0x00000000e0000000, 0x00000000f0100000, 0x0000000100000000)
  eden space 233472K, 0% used [0x00000000e0000000,0x00000000e0000000,0x00000000ee400000)
  from space 12288K, 12% used [0x00000000ef500000,0x00000000ef674b00,0x00000000f0100000)
  to   space 14848K, 0% used [0x00000000ee400000,0x00000000ee400000,0x00000000ef280000)
 ParOldGen       total 60416K, used 25000K [0x00000000a0000000, 0x00000000a3b00000, 0x00000000e0000000)
  object space 60416K, 41% used [0x00000000a0000000,0x00000000a186a2b0,0x00000000a3b00000)
 Metaspace       used 45490K, capacity 46694K, committed 46848K, reserved 1089536K
  class space    used 5843K, capacity 6118K, committed 6144K, reserved 1048576K
}
Event: 45.107 GC heap before
{Heap before GC invocations=17 (full 2):
 PSYoungGen      total 245760K, used 234962K [0x00000000e0000000, 0x00000000f0100000, 0x0000000100000000)
  eden space 233472K, 100% used [0x00000000e0000000,0x00000000ee400000,0x00000000ee400000)
  from space 12288K, 12% used [0x00000000ef500000,0x00000000ef674b00,0x00000000f0100000)
  to   space 14848K, 0% used [0x00000000ee400000,0x00000000ee400000,0x00000000ef280000)
 ParOldGen       total 60416K, used 25000K [0x00000000a0000000, 0x00000000a3b00000, 0x00000000e0000000)
  object space 60416K, 41% used [0x00000000a0000000,0x00000000a186a2b0,0x00000000a3b00000)
 Metaspace       used 45569K, capacity 46822K, committed 46848K, reserved 1089536K
  class space    used 5843K, capacity 6118K, committed 6144K, reserved 1048576K
Event: 45.110 GC heap after
Heap after GC invocations=17 (full 2):
 PSYoungGen      total 248320K, used 576K [0x00000000e0000000, 0x00000000f6a00000, 0x0000000100000000)
  eden space 233472K, 0% used [0x00000000e0000000,0x00000000e0000000,0x00000000ee400000)
  from space 14848K, 3% used [0x00000000ee400000,0x00000000ee490000,0x00000000ef280000)
  to   space 14848K, 0% used [0x00000000f5b80000,0x00000000f5b80000,0x00000000f6a00000)
 ParOldGen       total 60416K, used 25754K [0x00000000a0000000, 0x00000000a3b00000, 0x00000000e0000000)
  object space 60416K, 42% used [0x00000000a0000000,0x00000000a1926a58,0x00000000a3b00000)
 Metaspace       used 45569K, capacity 46822K, committed 46848K, reserved 1089536K
  class space    used 5843K, capacity 6118K, committed 6144K, reserved 1048576K
}
Event: 46.818 GC heap before
{Heap before GC invocations=18 (full 2):
 PSYoungGen      total 248320K, used 234048K [0x00000000e0000000, 0x00000000f6a00000, 0x0000000100000000)
  eden space 233472K, 100% used [0x00000000e0000000,0x00000000ee400000,0x00000000ee400000)
  from space 14848K, 3% used [0x00000000ee400000,0x00000000ee490000,0x00000000ef280000)
  to   space 14848K, 0% used [0x00000000f5b80000,0x00000000f5b80000,0x00000000f6a00000)
 ParOldGen       total 60416K, used 25754K [0x00000000a0000000, 0x00000000a3b00000, 0x00000000e0000000)
  object space 60416K, 42% used [0x00000000a0000000,0x00000000a1926a58,0x00000000a3b00000)
 Metaspace       used 46026K, capacity 47382K, committed 47488K, reserved 1091584K
  class space    used 5915K, capacity 6211K, committed 6272K, reserved 1048576K
Event: 46.822 GC heap after
Heap after GC invocations=18 (full 2):
 PSYoungGen      total 342528K, used 1232K [0x00000000e0000000, 0x00000000f6380000, 0x0000000100000000)
  eden space 334336K, 0% used [0x00000000e0000000,0x00000000e0000000,0x00000000f4680000)
  from space 8192K, 15% used [0x00000000f5b80000,0x00000000f5cb4010,0x00000000f6380000)
  to   space 14848K, 0% used [0x00000000f4680000,0x00000000f4680000,0x00000000f5500000)
 ParOldGen       total 60416K, used 25929K [0x00000000a0000000, 0x00000000a3b00000, 0x00000000e0000000)
  object space 60416K, 42% used [0x00000000a0000000,0x00000000a1952560,0x00000000a3b00000)
 Metaspace       used 46026K, capacity 47382K, committed 47488K, reserved 1091584K
  class space    used 5915K, capacity 6211K, committed 6272K, reserved 1048576K
}
Event: 54.242 GC heap before
{Heap before GC invocations=19 (full 2):
 PSYoungGen      total 342528K, used 146739K [0x00000000e0000000, 0x00000000f6380000, 0x0000000100000000)
  eden space 334336K, 43% used [0x00000000e0000000,0x00000000e8e18c00,0x00000000f4680000)
  from space 8192K, 15% used [0x00000000f5b80000,0x00000000f5cb4010,0x00000000f6380000)
  to   space 14848K, 0% used [0x00000000f4680000,0x00000000f4680000,0x00000000f5500000)
 ParOldGen       total 60416K, used 25929K [0x00000000a0000000, 0x00000000a3b00000, 0x00000000e0000000)
  object space 60416K, 42% used [0x00000000a0000000,0x00000000a1952560,0x00000000a3b00000)
 Metaspace       used 57218K, capacity 59008K, committed 59096K, reserved 1101824K
  class space    used 7351K, capacity 7722K, committed 7808K, reserved 1048576K
Event: 54.266 GC heap after
Heap after GC invocations=19 (full 2):
 PSYoungGen      total 349184K, used 14846K [0x00000000e0000000, 0x00000000f6380000, 0x0000000100000000)
  eden space 334336K, 0% used [0x00000000e0000000,0x00000000e0000000,0x00000000f4680000)
  from space 14848K, 99% used [0x00000000f4680000,0x00000000f54ff8e8,0x00000000f5500000)
  to   space 8192K, 0% used [0x00000000f5b80000,0x00000000f5b80000,0x00000000f6380000)
 ParOldGen       total 60416K, used 28796K [0x00000000a0000000, 0x00000000a3b00000, 0x00000000e0000000)
  object space 60416K, 47% used [0x00000000a0000000,0x00000000a1c1f150,0x00000000a3b00000)
 Metaspace       used 57218K, capacity 59008K, committed 59096K, reserved 1101824K
  class space    used 7351K, capacity 7722K, committed 7808K, reserved 1048576K
}
Event: 54.266 GC heap before
{Heap before GC invocations=20 (full 3):
 PSYoungGen      total 349184K, used 14846K [0x00000000e0000000, 0x00000000f6380000, 0x0000000100000000)
  eden space 334336K, 0% used [0x00000000e0000000,0x00000000e0000000,0x00000000f4680000)
  from space 14848K, 99% used [0x00000000f4680000,0x00000000f54ff8e8,0x00000000f5500000)
  to   space 8192K, 0% used [0x00000000f5b80000,0x00000000f5b80000,0x00000000f6380000)
 ParOldGen       total 60416K, used 28796K [0x00000000a0000000, 0x00000000a3b00000, 0x00000000e0000000)
  object space 60416K, 47% used [0x00000000a0000000,0x00000000a1c1f150,0x00000000a3b00000)
 Metaspace       used 57218K, capacity 59008K, committed 59096K, reserved 1101824K
  class space    used 7351K, capacity 7722K, committed 7808K, reserved 1048576K
Event: 54.591 GC heap after
Heap after GC invocations=20 (full 3):
 PSYoungGen      total 349184K, used 0K [0x00000000e0000000, 0x00000000f6380000, 0x0000000100000000)
  eden space 334336K, 0% used [0x00000000e0000000,0x00000000e0000000,0x00000000f4680000)
  from space 14848K, 0% used [0x00000000f4680000,0x00000000f4680000,0x00000000f5500000)
  to   space 8192K, 0% used [0x00000000f5b80000,0x00000000f5b80000,0x00000000f6380000)
 ParOldGen       total 60416K, used 39258K [0x00000000a0000000, 0x00000000a3b00000, 0x00000000e0000000)
  object space 60416K, 64% used [0x00000000a0000000,0x00000000a2656b68,0x00000000a3b00000)
 Metaspace       used 57130K, capacity 58810K, committed 59096K, reserved 1101824K
  class space    used 7326K, capacity 7689K, committed 7808K, reserved 1048576K
}

