# JRE version: OpenJDK Runtime Environment (8.0_212-b04) (build 1.8.0_212-release-1586-b04)
# Java VM: OpenJDK 64-Bit Server VM (25.212-b04 mixed mode windows-amd64 compressed oops)
Heap:
 PSYoungGen      total 252928K, used 127623K [0x00000000e0000000, 0x00000000f1c80000, 0x0000000100000000)
  eden space 214528K, 42% used [0x00000000e0000000,0x00000000e5918b08,0x00000000ed180000)
  from space 38400K, 94% used [0x00000000ed180000,0x00000000ef509418,0x00000000ef700000)
  to   space 35840K, 0% used [0x00000000ef980000,0x00000000ef980000,0x00000000f1c80000)
 ParOldGen       total 133632K, used 93324K [0x00000000a0000000, 0x00000000a8280000, 0x00000000e0000000)
  object space 133632K, 69% used [0x00000000a0000000,0x00000000a5b23128,0x00000000a8280000)
 Metaspace       used 86416K, capacity 90340K, committed 90584K, reserved 1128448K
  class space    used 11579K, capacity 12387K, committed 12504K, reserved 1048576K
GC Heap History (10 events):
Event: 37.608 GC heap before
{Heap before GC invocations=16 (full 3):
 PSYoungGen      total 177152K, used 158720K [0x00000000e0000000, 0x00000000eca00000, 0x0000000100000000)
  eden space 158720K, 100% used [0x00000000e0000000,0x00000000e9b00000,0x00000000e9b00000)
  from space 18432K, 0% used [0x00000000eaf80000,0x00000000eaf80000,0x00000000ec180000)
  to   space 20992K, 0% used [0x00000000e9b00000,0x00000000e9b00000,0x00000000eaf80000)
 ParOldGen       total 133632K, used 33019K [0x00000000a0000000, 0x00000000a8280000, 0x00000000e0000000)
  object space 133632K, 24% used [0x00000000a0000000,0x00000000a203ee10,0x00000000a8280000)
 Metaspace       used 59468K, capacity 61808K, committed 61912K, reserved 1101824K
  class space    used 8186K, capacity 8661K, committed 8664K, reserved 1048576K
Event: 37.626 GC heap after
Heap after GC invocations=16 (full 3):
 PSYoungGen      total 179712K, used 11941K [0x00000000e0000000, 0x00000000ee100000, 0x0000000100000000)
  eden space 158720K, 0% used [0x00000000e0000000,0x00000000e0000000,0x00000000e9b00000)
  from space 20992K, 56% used [0x00000000e9b00000,0x00000000ea6a94d8,0x00000000eaf80000)
  to   space 20480K, 0% used [0x00000000ecd00000,0x00000000ecd00000,0x00000000ee100000)
 ParOldGen       total 133632K, used 33027K [0x00000000a0000000, 0x00000000a8280000, 0x00000000e0000000)
  object space 133632K, 24% used [0x00000000a0000000,0x00000000a2040e10,0x00000000a8280000)
 Metaspace       used 59468K, capacity 61808K, committed 61912K, reserved 1101824K
  class space    used 8186K, capacity 8661K, committed 8664K, reserved 1048576K
}
Event: 49.141 GC heap before
{Heap before GC invocations=17 (full 3):
 PSYoungGen      total 179712K, used 170661K [0x00000000e0000000, 0x00000000ee100000, 0x0000000100000000)
  eden space 158720K, 100% used [0x00000000e0000000,0x00000000e9b00000,0x00000000e9b00000)
  from space 20992K, 56% used [0x00000000e9b00000,0x00000000ea6a94d8,0x00000000eaf80000)
  to   space 20480K, 0% used [0x00000000ecd00000,0x00000000ecd00000,0x00000000ee100000)
 ParOldGen       total 133632K, used 33027K [0x00000000a0000000, 0x00000000a8280000, 0x00000000e0000000)
  object space 133632K, 24% used [0x00000000a0000000,0x00000000a2040e10,0x00000000a8280000)
 Metaspace       used 66180K, capacity 68606K, committed 68696K, reserved 1107968K
  class space    used 8974K, capacity 9502K, committed 9560K, reserved 1048576K
Event: 49.180 GC heap after
Heap after GC invocations=17 (full 3):
 PSYoungGen      total 199680K, used 20471K [0x00000000e0000000, 0x00000000ef300000, 0x0000000100000000)
  eden space 179200K, 0% used [0x00000000e0000000,0x00000000e0000000,0x00000000eaf00000)
  from space 20480K, 99% used [0x00000000ecd00000,0x00000000ee0fdd08,0x00000000ee100000)
  to   space 30720K, 0% used [0x00000000eaf00000,0x00000000eaf00000,0x00000000ecd00000)
 ParOldGen       total 133632K, used 53074K [0x00000000a0000000, 0x00000000a8280000, 0x00000000e0000000)
  object space 133632K, 39% used [0x00000000a0000000,0x00000000a33d4980,0x00000000a8280000)
 Metaspace       used 66180K, capacity 68606K, committed 68696K, reserved 1107968K
  class space    used 8974K, capacity 9502K, committed 9560K, reserved 1048576K
}
Event: 54.000 GC heap before
{Heap before GC invocations=18 (full 3):
 PSYoungGen      total 199680K, used 199671K [0x00000000e0000000, 0x00000000ef300000, 0x0000000100000000)
  eden space 179200K, 100% used [0x00000000e0000000,0x00000000eaf00000,0x00000000eaf00000)
  from space 20480K, 99% used [0x00000000ecd00000,0x00000000ee0fdd08,0x00000000ee100000)
  to   space 30720K, 0% used [0x00000000eaf00000,0x00000000eaf00000,0x00000000ecd00000)
 ParOldGen       total 133632K, used 53074K [0x00000000a0000000, 0x00000000a8280000, 0x00000000e0000000)
  object space 133632K, 39% used [0x00000000a0000000,0x00000000a33d4980,0x00000000a8280000)
 Metaspace       used 73630K, capacity 76554K, committed 76760K, reserved 1116160K
  class space    used 9981K, capacity 10608K, committed 10712K, reserved 1048576K
Event: 54.038 GC heap after
Heap after GC invocations=18 (full 3):
 PSYoungGen      total 209920K, used 30699K [0x00000000e0000000, 0x00000000f2100000, 0x0000000100000000)
  eden space 179200K, 0% used [0x00000000e0000000,0x00000000e0000000,0x00000000eaf00000)
  from space 30720K, 99% used [0x00000000eaf00000,0x00000000eccfac98,0x00000000ecd00000)
  to   space 40448K, 0% used [0x00000000ef980000,0x00000000ef980000,0x00000000f2100000)
 ParOldGen       total 133632K, used 66172K [0x00000000a0000000, 0x00000000a8280000, 0x00000000e0000000)
  object space 133632K, 49% used [0x00000000a0000000,0x00000000a409f158,0x00000000a8280000)
 Metaspace       used 73630K, capacity 76554K, committed 76760K, reserved 1116160K
  class space    used 9981K, capacity 10608K, committed 10712K, reserved 1048576K
}
Event: 60.414 GC heap before
{Heap before GC invocations=19 (full 3):
 PSYoungGen      total 209920K, used 209899K [0x00000000e0000000, 0x00000000f2100000, 0x0000000100000000)
  eden space 179200K, 100% used [0x00000000e0000000,0x00000000eaf00000,0x00000000eaf00000)
  from space 30720K, 99% used [0x00000000eaf00000,0x00000000eccfac98,0x00000000ecd00000)
  to   space 40448K, 0% used [0x00000000ef980000,0x00000000ef980000,0x00000000f2100000)
 ParOldGen       total 133632K, used 66172K [0x00000000a0000000, 0x00000000a8280000, 0x00000000e0000000)
  object space 133632K, 49% used [0x00000000a0000000,0x00000000a409f158,0x00000000a8280000)
 Metaspace       used 84532K, capacity 88366K, committed 88536K, reserved 1126400K
  class space    used 11461K, capacity 12238K, committed 12248K, reserved 1048576K
Event: 60.448 GC heap after
Heap after GC invocations=19 (full 3):
 PSYoungGen      total 250368K, used 14919K [0x00000000e0000000, 0x00000000f1c80000, 0x0000000100000000)
  eden space 214528K, 0% used [0x00000000e0000000,0x00000000e0000000,0x00000000ed180000)
  from space 35840K, 41% used [0x00000000ef980000,0x00000000f0811ef0,0x00000000f1c80000)
  to   space 38400K, 0% used [0x00000000ed180000,0x00000000ed180000,0x00000000ef700000)
 ParOldGen       total 133632K, used 93316K [0x00000000a0000000, 0x00000000a8280000, 0x00000000e0000000)
  object space 133632K, 69% used [0x00000000a0000000,0x00000000a5b21128,0x00000000a8280000)
 Metaspace       used 84532K, capacity 88366K, committed 88536K, reserved 1126400K
  class space    used 11461K, capacity 12238K, committed 12248K, reserved 1048576K
}
Event: 154.757 GC heap before
{Heap before GC invocations=20 (full 3):
 PSYoungGen      total 250368K, used 229447K [0x00000000e0000000, 0x00000000f1c80000, 0x0000000100000000)
  eden space 214528K, 100% used [0x00000000e0000000,0x00000000ed180000,0x00000000ed180000)
  from space 35840K, 41% used [0x00000000ef980000,0x00000000f0811ef0,0x00000000f1c80000)
  to   space 38400K, 0% used [0x00000000ed180000,0x00000000ed180000,0x00000000ef700000)
 ParOldGen       total 133632K, used 93316K [0x00000000a0000000, 0x00000000a8280000, 0x00000000e0000000)
  object space 133632K, 69% used [0x00000000a0000000,0x00000000a5b21128,0x00000000a8280000)
 Metaspace       used 86341K, capacity 90212K, committed 90584K, reserved 1128448K
  class space    used 11579K, capacity 12387K, committed 12504K, reserved 1048576K
Event: 154.794 GC heap after
Heap after GC invocations=20 (full 3):
 PSYoungGen      total 252928K, used 36389K [0x00000000e0000000, 0x00000000f1c80000, 0x0000000100000000)
  eden space 214528K, 0% used [0x00000000e0000000,0x00000000e0000000,0x00000000ed180000)
  from space 38400K, 94% used [0x00000000ed180000,0x00000000ef509418,0x00000000ef700000)
  to   space 35840K, 0% used [0x00000000ef980000,0x00000000ef980000,0x00000000f1c80000)
 ParOldGen       total 133632K, used 93324K [0x00000000a0000000, 0x00000000a8280000, 0x00000000e0000000)
  object space 133632K, 69% used [0x00000000a0000000,0x00000000a5b23128,0x00000000a8280000)
 Metaspace       used 86341K, capacity 90212K, committed 90584K, reserved 1128448K
  class space    used 11579K, capacity 12387K, committed 12504K, reserved 1048576K
}

